<?xml version="1.0" encoding="UTF-8"?>
<!-- Generated by org.testng.reporters.JUnitXMLReporter -->
<testsuite ignored="3" hostname="sk" failures="1" tests="1" name="Surefire test" time="0.085" errors="0" timestamp="2025-08-27T22:21:29 IST">
  <testcase classname="annotations.Parameters.ParameterTest" name="@BeforeTest setEnvironment" time="-1.75631348984E9">
    <failure type="org.testng.TestNGException" message="
Parameter &amp;apos;env&amp;apos; is required by BeforeTest on method setEnvironment but has not been marked @Optional or defined
">
      <![CDATA[org.testng.TestNGException: 
Parameter 'env' is required by BeforeTest on method setEnvironment but has not been marked @Optional or defined

... Removed 26 stack frames]]>
    </failure>
  </testcase> <!-- @BeforeTest setEnvironment -->
  <testcase classname="annotations.AnnotationsTests" name="@BeforeMethod setup" time="0.0">
    <skipped/>
  </testcase> <!-- @BeforeMethod setup -->
  <testcase classname="annotations.AnnotationsTests" name="loginTest" time="0.027">
    <failure type="java.lang.ClassCastException" message="class annotations.AnnotationsTests cannot be cast to class opensource.BaseTest (annotations.AnnotationsTests and opensource.BaseTest are in unnamed module of loader &amp;apos;app&amp;apos;)">
      <![CDATA[java.lang.ClassCastException: class annotations.AnnotationsTests cannot be cast to class opensource.BaseTest (annotations.AnnotationsTests and opensource.BaseTest are in unnamed module of loader 'app')
at opensource.CustomListener.onTestStart(CustomListener.java:29)
at java.base/java.util.ArrayList.forEach(ArrayList.java:1596)
... Removed 30 stack frames]]>
    </failure>
  </testcase> <!-- loginTest -->
  <testcase classname="opensource.BaseTest" name="@AfterSuite tearDownReport" time="0.0">
    <ignored/>
  </testcase> <!-- @AfterSuite tearDownReport -->
  <testcase classname="annotations.AnnotationsTests" name="paymentTest" time="0.0">
    <ignored/>
  </testcase> <!-- paymentTest -->
  <testcase classname="opensource.BaseTest" name="@BeforeSuite setupReport" time="0.0">
    <ignored/>
  </testcase> <!-- @BeforeSuite setupReport -->
</testsuite> <!-- Surefire test -->
