<?xml version="1.0" encoding="UTF-8"?>
<!-- Generated by org.testng.reporters.JUnitXMLReporter -->
<testsuite ignored="0" hostname="sk" failures="3" tests="6" name="CheckoutTest" time="98.434" errors="0" timestamp="2025-08-27T15:32:54 IST">
  <testcase classname="FlipkartSuite.ECommerceTests" name="checkoutTest" time="0.056">
    <skipped/>
  </testcase> <!-- checkoutTest -->
  <testcase classname="FlipkartSuite.ECommerceTests" name="checkoutTest" time="0.079">
    <failure type="java.lang.AssertionError" message="Checkout process failed">
      <![CDATA[java.lang.AssertionError: Checkout process failed
at FlipkartSuite.ECommerceTests.checkoutTest(ECommerceTests.java:68)
at java.base/java.util.ArrayList.forEach(ArrayList.java:1596)
at java.base/java.util.concurrent.FutureTask.run(FutureTask.java:317)
at java.base/java.util.concurrent.ThreadPoolExecutor.runWorker(ThreadPoolExecutor.java:1144)
at java.base/java.util.concurrent.ThreadPoolExecutor$Worker.run(ThreadPoolExecutor.java:642)
at java.base/java.lang.Thread.run(Thread.java:1583)
... Removed 16 stack frames]]>
    </failure>
  </testcase> <!-- checkoutTest -->
  <testcase classname="FlipkartSuite.ECommerceTests" name="loginTest" time="8.292">
    <skipped/>
  </testcase> <!-- loginTest -->
  <testcase classname="FlipkartSuite.ECommerceTests" name="loginTest" time="0.056">
    <failure type="java.lang.AssertionError" message="Login popup handling failed">
      <![CDATA[java.lang.AssertionError: Login popup handling failed
at FlipkartSuite.ECommerceTests.loginTest(ECommerceTests.java:21)
at java.base/java.util.ArrayList.forEach(ArrayList.java:1596)
at java.base/java.util.concurrent.FutureTask.run(FutureTask.java:317)
at java.base/java.util.concurrent.ThreadPoolExecutor.runWorker(ThreadPoolExecutor.java:1144)
at java.base/java.util.concurrent.ThreadPoolExecutor$Worker.run(ThreadPoolExecutor.java:642)
at java.base/java.lang.Thread.run(Thread.java:1583)
... Removed 16 stack frames]]>
    </failure>
  </testcase> <!-- loginTest -->
  <testcase classname="FlipkartSuite.ECommerceTests" name="searchTest" time="10.819">
    <skipped/>
  </testcase> <!-- searchTest -->
  <testcase classname="FlipkartSuite.ECommerceTests" name="searchTest" time="16.95">
    <failure type="java.lang.AssertionError" message="expected [true] but found [false]">
      <![CDATA[java.lang.AssertionError: expected [true] but found [false]
at FlipkartSuite.ECommerceTests.searchTest(ECommerceTests.java:33)
at java.base/java.util.ArrayList.forEach(ArrayList.java:1596)
at java.base/java.util.concurrent.FutureTask.run(FutureTask.java:317)
at java.base/java.util.concurrent.ThreadPoolExecutor.runWorker(ThreadPoolExecutor.java:1144)
at java.base/java.util.concurrent.ThreadPoolExecutor$Worker.run(ThreadPoolExecutor.java:642)
at java.base/java.lang.Thread.run(Thread.java:1583)
... Removed 19 stack frames]]>
    </failure>
  </testcase> <!-- searchTest -->
</testsuite> <!-- CheckoutTest -->
