<?xml version="1.0" encoding="UTF-8"?>
<!-- Generated by org.testng.reporters.JUnitXMLReporter -->
<testsuite ignored="0" hostname="sk" failures="3" tests="7" name="GoogleTest_Firefox" time="117.258" errors="0" timestamp="2025-08-27T21:20:26 IST">
  <testcase classname="opensource.DemoTests" name="amazonTest" time="11.483">
    <skipped/>
  </testcase> <!-- amazonTest -->
  <testcase classname="opensource.DemoTests" name="amazonTest" time="6.121">
    <failure type="java.lang.AssertionError" message="expected [true] but found [false]">
      <![CDATA[java.lang.AssertionError: expected [true] but found [false]
at opensource.DemoTests.amazonTest(DemoTests.java:48)
at java.base/java.util.ArrayList.forEach(ArrayList.java:1596)
at java.base/java.util.concurrent.FutureTask.run(FutureTask.java:317)
at java.base/java.util.concurrent.ThreadPoolExecutor.runWorker(ThreadPoolExecutor.java:1144)
at java.base/java.util.concurrent.ThreadPoolExecutor$Worker.run(ThreadPoolExecutor.java:642)
at java.base/java.lang.Thread.run(Thread.java:1583)
... Removed 19 stack frames]]>
    </failure>
  </testcase> <!-- amazonTest -->
  <testcase classname="opensource.DemoTests" name="facebookTest" time="3.604"/>
  <testcase classname="opensource.DemoTests" name="flipJetTest" time="5.483">
    <skipped/>
  </testcase> <!-- flipJetTest -->
  <testcase classname="opensource.DemoTests" name="flipJetTest" time="6.57">
    <failure type="java.lang.AssertionError" message="FlipJet site not found expected [true] but found [false]">
      <![CDATA[java.lang.AssertionError: FlipJet site not found expected [true] but found [false]
at opensource.DemoTests.flipJetTest(DemoTests.java:54)
at java.base/java.util.ArrayList.forEach(ArrayList.java:1596)
at java.base/java.util.concurrent.FutureTask.run(FutureTask.java:317)
at java.base/java.util.concurrent.ThreadPoolExecutor.runWorker(ThreadPoolExecutor.java:1144)
at java.base/java.util.concurrent.ThreadPoolExecutor$Worker.run(ThreadPoolExecutor.java:642)
at java.base/java.lang.Thread.run(Thread.java:1583)
... Removed 18 stack frames]]>
    </failure>
  </testcase> <!-- flipJetTest -->
  <testcase classname="opensource.DemoTests" name="googleSearchTest" time="5.76">
    <skipped/>
  </testcase> <!-- googleSearchTest -->
  <testcase classname="opensource.DemoTests" name="googleSearchTest" time="5.886">
    <failure type="java.lang.AssertionError" message="expected [true] but found [false]">
      <![CDATA[java.lang.AssertionError: expected [true] but found [false]
at opensource.DemoTests.googleSearchTest(DemoTests.java:28)
at java.base/java.util.ArrayList.forEach(ArrayList.java:1596)
at java.base/java.util.concurrent.FutureTask.run(FutureTask.java:317)
at java.base/java.util.concurrent.ThreadPoolExecutor.runWorker(ThreadPoolExecutor.java:1144)
at java.base/java.util.concurrent.ThreadPoolExecutor$Worker.run(ThreadPoolExecutor.java:642)
at java.base/java.lang.Thread.run(Thread.java:1583)
... Removed 19 stack frames]]>
    </failure>
  </testcase> <!-- googleSearchTest -->
</testsuite> <!-- GoogleTest_Firefox -->
