<?xml version="1.0" encoding="UTF-8"?>
<!-- Generated by org.testng.reporters.JUnitXMLReporter -->
<testsuite ignored="0" hostname="sk" failures="1" tests="5" name="GoogleTest_Chsromse" time="56.956" errors="0" timestamp="2025-08-27T20:59:53 IST">
  <testcase classname="opensource.DemoTests" name="amazonTest" time="20.842"/>
  <testcase classname="opensource.DemoTests" name="facebookTest" time="2.641"/>
  <testcase classname="opensource.DemoTests" name="flipJetTest" time="4.79">
    <skipped/>
  </testcase> <!-- flipJetTest -->
  <testcase classname="opensource.DemoTests" name="flipJetTest" time="6.953">
    <failure type="java.lang.AssertionError" message="FlipJet site not found expected [true] but found [false]">
      <![CDATA[java.lang.AssertionError: FlipJet site not found expected [true] but found [false]
at opensource.DemoTests.flipJetTest(DemoTests.java:49)
at java.base/java.util.ArrayList.forEach(ArrayList.java:1596)
at java.base/java.util.concurrent.FutureTask.run(FutureTask.java:317)
at java.base/java.util.concurrent.ThreadPoolExecutor.runWorker(ThreadPoolExecutor.java:1144)
at java.base/java.util.concurrent.ThreadPoolExecutor$Worker.run(ThreadPoolExecutor.java:642)
at java.base/java.lang.Thread.run(Thread.java:1583)
... Removed 18 stack frames]]>
    </failure>
  </testcase> <!-- flipJetTest -->
  <testcase classname="opensource.DemoTests" name="googleSearchTest" time="6.328"/>
</testsuite> <!-- GoogleTest_Chsromse -->
